New log file opened at Wed Nov 16 19:54:19 EST 2016 by 13263@darsh
Sending msg to client activator-5fa5fd10-64a9-4386-bbf1-241bf8ba9a6f: DetachedLogEvent(LogMessage(debug,sbt server socket logs are in: /Users/Darsh/Documents/scalaworld/.sbtserver/connections/master.log))
Sending msg to client activator-5fa5fd10-64a9-4386-bbf1-241bf8ba9a6f: DetachedLogEvent(LogMessage(debug,sbt client logs are in: /Users/Darsh/Documents/scalaworld/.sbtserver/connections/activator-5fa5fd10-64a9-4386-bbf1-241bf8ba9a6f.log))
Reading next message from client.
Client activator-5fa5fd10-64a9-4386-bbf1-241bf8ba9a6f EOF, shutting down.
Stopping client.
Dropping message DetachedLogEvent(LogMessage(debug,sbt server socket logs are in: /Users/Darsh/Documents/scalaworld/.sbtserver/connections/master.log)) because client activator-5fa5fd10-64a9-4386-bbf1-241bf8ba9a6f of an exception serializing and sending: java.net.SocketException: Broken pipe
stack trace sending message was 
java.net.SocketException: Broken pipe
	at java.net.SocketOutputStream.socketWrite0(Native Method)
	at java.net.SocketOutputStream.socketWrite(SocketOutputStream.java:109)
	at java.net.SocketOutputStream.write(SocketOutputStream.java:153)
	at java.io.BufferedOutputStream.flushBuffer(BufferedOutputStream.java:82)
	at java.io.BufferedOutputStream.flush(BufferedOutputStream.java:140)
	at java.io.DataOutputStream.flush(DataOutputStream.java:123)
	at sbt.impl.ipc.Peer.send(IPC.scala:79)
	at sbt.impl.ipc.Peer.send(IPC.scala:83)
	at sbt.impl.ipc.Peer.sendString(IPC.scala:106)
	at sbt.impl.ipc.Peer.sendJson(IPC.scala:119)
	at sbt.server.SbtClientHandler$$anonfun$send$1.apply$mcV$sp(SbtClientHandler.scala:128)
	at sbt.server.SbtClientHandler.wrappedSend(SbtClientHandler.scala:113)
	at sbt.server.SbtClientHandler.send(SbtClientHandler.scala:128)
	at sbt.server.SbtServerSocketHandler$$anon$1.run(SbtServerSocketHandler.scala:91)
Dropping message DetachedLogEvent(LogMessage(debug,sbt general server logs are in: /Users/Darsh/Documents/scalaworld/.sbtserver/master.log)) to dead client activator-5fa5fd10-64a9-4386-bbf1-241bf8ba9a6f
Dropping message (0,ReceivedResponse()) to dead client activator-5fa5fd10-64a9-4386-bbf1-241bf8ba9a6f
Client activator-5fa5fd10-64a9-4386-bbf1-241bf8ba9a6f thread exiting.
