New log file opened at Sun Nov 13 23:07:23 EST 2016 by 45012@darsh
Taking next connection to: 53246
New client attempting to connect on port: 53247-53246
  Address = /172.17.106.76:53246
This client on port 53247 has uuid 464392eb-03e6-4a44-8e7b-8397ae32574d configName activator humanReadableName Activator protocolVersion 3 featureTags Vector()
Connected Clients: activator-464392eb-03e6-4a44-8e7b-8397ae32574d
Taking next connection to: 53246
New client attempting to connect on port: 53248-53246
  Address = /172.17.106.76:53246
Handshake exception on socket: 53248
sbt.impl.ipc.HandshakeException: Unable to perform handshake
	at sbt.impl.ipc.Peer.handshake(IPC.scala:46)
	at sbt.impl.ipc.MultiClientServer.<init>(IPC.scala:150)
	at sbt.server.SbtServerSocketHandler$$anon$1.run(SbtServerSocketHandler.scala:43)
Caused by: java.io.EOFException
	at java.io.DataInputStream.readInt(DataInputStream.java:392)
	at sbt.impl.ipc.Peer.receive(IPC.scala:95)
	at sbt.impl.ipc.Peer.handshake(IPC.scala:49)
	... 2 more
Taking next connection to: 53246
New client attempting to connect on port: 53249-53246
  Address = /172.17.106.76:53246
This client on port 53249 has uuid 2475ae6b-7aa9-4691-bfac-d9958c9aa217 configName activator humanReadableName Activator protocolVersion 3 featureTags Vector()
Connected Clients: activator-464392eb-03e6-4a44-8e7b-8397ae32574d, activator-2475ae6b-7aa9-4691-bfac-d9958c9aa217
Taking next connection to: 53246
New client attempting to connect on port: 53252-53246
  Address = /172.17.106.76:53246
Handshake exception on socket: 53252
sbt.impl.ipc.HandshakeException: Unable to perform handshake
	at sbt.impl.ipc.Peer.handshake(IPC.scala:46)
	at sbt.impl.ipc.MultiClientServer.<init>(IPC.scala:150)
	at sbt.server.SbtServerSocketHandler$$anon$1.run(SbtServerSocketHandler.scala:43)
Caused by: java.io.EOFException
	at java.io.DataInputStream.readInt(DataInputStream.java:392)
	at sbt.impl.ipc.Peer.receive(IPC.scala:95)
	at sbt.impl.ipc.Peer.handshake(IPC.scala:49)
	... 2 more
Taking next connection to: 53246
New client attempting to connect on port: 53253-53246
  Address = /172.17.106.76:53246
This client on port 53253 has uuid 633a2c59-98d0-4083-953a-56bb48cb295a configName play-fork-run humanReadableName Play Fork Run protocolVersion 1 featureTags Vector()
Connected Clients: activator-2475ae6b-7aa9-4691-bfac-d9958c9aa217, play-fork-run-633a2c59-98d0-4083-953a-56bb48cb295a
Taking next connection to: 53246
Checking to see if clients are empty...
We have 1 non-daemon clients, continuing serving connections.
Taking next connection to: 53246
Checking to see if clients are empty...
We have 1 non-daemon clients, continuing serving connections.
Taking next connection to: 53246
Checking to see if clients are empty...
We have 1 non-daemon clients, continuing serving connections.
Taking next connection to: 53246
Checking to see if clients are empty...
We have 1 non-daemon clients, continuing serving connections.
Taking next connection to: 53246
Checking to see if clients are empty...
We have 1 non-daemon clients, continuing serving connections.
Taking next connection to: 53246
Checking to see if clients are empty...
We have 1 non-daemon clients, continuing serving connections.
Taking next connection to: 53246
Checking to see if clients are empty...
We have 1 non-daemon clients, continuing serving connections.
Taking next connection to: 53246
Checking to see if clients are empty...
We have 1 non-daemon clients, continuing serving connections.
Taking next connection to: 53246
Checking to see if clients are empty...
We have 1 non-daemon clients, continuing serving connections.
Taking next connection to: 53246
Checking to see if clients are empty...
We have 1 non-daemon clients, continuing serving connections.
Taking next connection to: 53246
Checking to see if clients are empty...
We have 1 non-daemon clients, continuing serving connections.
Taking next connection to: 53246
Checking to see if clients are empty...
We have 1 non-daemon clients, continuing serving connections.
Taking next connection to: 53246
Checking to see if clients are empty...
We have 1 non-daemon clients, continuing serving connections.
Taking next connection to: 53246
Checking to see if clients are empty...
We have 1 non-daemon clients, continuing serving connections.
Taking next connection to: 53246
Checking to see if clients are empty...
We have 1 non-daemon clients, continuing serving connections.
Taking next connection to: 53246
Checking to see if clients are empty...
We have 1 non-daemon clients, continuing serving connections.
Taking next connection to: 53246
Checking to see if clients are empty...
We have 1 non-daemon clients, continuing serving connections.
Taking next connection to: 53246
Checking to see if clients are empty...
We have 1 non-daemon clients, continuing serving connections.
Taking next connection to: 53246
